\BOOKMARK [0][-]{section*.1}{Sum\341rio}{}% 1
\BOOKMARK [0][-]{chapter.1}{ Introdu\347\343o }{}% 2
\BOOKMARK [1][-]{section.1.1}{Descri\347\343o do Sistema Computacional a desenvolver}{chapter.1}% 3
\BOOKMARK [1][-]{section.1.2}{Identificando as componentes do meu sistema}{chapter.1}% 4
\BOOKMARK [0][-]{chapter.2}{Etapa de Planejamento}{}% 5
\BOOKMARK [1][-]{section.2.1}{Solicita\347\343o de Sistemas - Projeto de Pedido pela Internet}{chapter.2}% 6
\BOOKMARK [1][-]{section.2.2}{Valores, Custos e Benef\355cios}{chapter.2}% 7
\BOOKMARK [1][-]{section.2.3}{An\341lise de Custo-Benef\355cio}{chapter.2}% 8
\BOOKMARK [1][-]{section.2.4}{Estudo de Viabilidade}{chapter.2}% 9
\BOOKMARK [2][-]{subsection.2.4.1}{Viabilidade T\351cnica}{section.2.4}% 10
\BOOKMARK [2][-]{subsection.2.4.2}{Viabilidade Econ\364mica}{section.2.4}% 11
\BOOKMARK [2][-]{subsection.2.4.3}{Viabilidade Organizacional}{section.2.4}% 12
\BOOKMARK [2][-]{subsection.2.4.4}{ Estudo de Viabilidade do Sistema }{section.2.4}% 13
\BOOKMARK [0][-]{chapter.3}{Etapa de An\341lise}{}% 14
\BOOKMARK [1][-]{section.3.1}{Requisitos do sistema}{chapter.3}% 15
\BOOKMARK [2][-]{subsection.3.1.1}{Requisitos}{section.3.1}% 16
\BOOKMARK [2][-]{subsection.3.1.2}{Defini\347\343o}{section.3.1}% 17
\BOOKMARK [2][-]{subsection.3.1.3}{Especifica\347\343o dos Requisitos}{section.3.1}% 18
\BOOKMARK [2][-]{subsection.3.1.4}{Requisitos de Rede}{section.3.1}% 19
\BOOKMARK [2][-]{subsection.3.1.5}{Requisitos de Subsistema}{section.3.1}% 20
\BOOKMARK [2][-]{subsection.3.1.6}{Defini\347\365es}{section.3.1}% 21
\BOOKMARK [0][-]{chapter.4}{Projeto do Sistema}{}% 22
\BOOKMARK [0][-]{chapter.5}{Pontos de Vista do Sistema}{}% 23
\BOOKMARK [1][-]{section.5.1}{Direto}{chapter.5}% 24
\BOOKMARK [1][-]{section.5.2}{Indireto}{chapter.5}% 25
\BOOKMARK [1][-]{section.5.3}{Servi\347os}{chapter.5}% 26
\BOOKMARK [2][-]{subsection.5.3.1}{Direto:}{section.5.3}% 27
\BOOKMARK [2][-]{subsection.5.3.2}{Indireto:}{section.5.3}% 28
\BOOKMARK [1][-]{section.5.4}{Hierarquia de Pontos de Vista}{chapter.5}% 29
\BOOKMARK [0][-]{chapter.6}{Conclus\365es}{}% 30
\BOOKMARK [0][-]{figure.6.1}{Bibliograf\355a}{}% 31
